#
# There is insufficient memory for the Java Runtime Environment to continue.
# Native memory allocation (malloc) failed to allocate 146800640 bytes for committing reserved memory.
# Possible reasons:
#   The system is out of physical RAM or swap space
#   In 32 bit mode, the process size limit was hit
# Possible solutions:
#   Reduce memory load on the system
#   Increase physical memory or swap space
#   Check if swap backing store is full
#   Use 64 bit Java on a 64 bit OS
#   Decrease Java heap size (-Xmx/-Xms)
#   Decrease number of Java threads
#   Decrease Java thread stack sizes (-Xss)
#   Set larger code cache with -XX:ReservedCodeCacheSize=
# This output file may be truncated or incomplete.
#
#  Out of Memory Error (os_linux.cpp:2827), pid=3982, tid=139676842751744
#
# JRE version: OpenJDK Runtime Environment (7.0_91-b02) (build 1.7.0_91-b02)
# Java VM: OpenJDK 64-Bit Server VM (24.91-b01 mixed mode linux-amd64 compressed oops)
# Derivative: IcedTea 2.6.3
# Distribution: Ubuntu 14.04 LTS, package 7u91-2.6.3-0ubuntu0.14.04.1
# Failed to write core dump. Core dumps have been disabled. To enable core dumping, try "ulimit -c unlimited" before starting Java again
#

---------------  T H R E A D  ---------------

Current thread (0x00007f0908076000):  VMThread [stack: 0x00007f090c887000,0x00007f090c988000] [id=4021]

Stack: [0x00007f090c887000,0x00007f090c988000],  sp=0x00007f090c986490,  free space=1021k
Native frames: (J=compiled Java code, j=interpreted, Vv=VM code, C=native code)
V  [libjvm.so+0x953e15]  VMError::report_and_die()+0x175
V  [libjvm.so+0x48fd94]  report_vm_out_of_memory(char const*, int, unsigned long, char const*)+0x74
V  [libjvm.so+0x7cf87b]  os::pd_commit_memory(char*, unsigned long, unsigned long, bool)+0xeb
V  [libjvm.so+0x7ca33f]  os::commit_memory(char*, unsigned long, unsigned long, bool)+0x1f
V  [libjvm.so+0x83dacb]  PSVirtualSpace::expand_by(unsigned long)+0x5b
V  [libjvm.so+0x83e930]  PSYoungGen::resize_generation(unsigned long, unsigned long)+0xb0
V  [libjvm.so+0x83f01b]  PSYoungGen::resize(unsigned long, unsigned long)+0x1b
V  [libjvm.so+0x83b258]  PSScavenge::invoke_no_policy()+0xd68
V  [libjvm.so+0x83bac8]  PSScavenge::invoke()+0x38
V  [libjvm.so+0x7f2083]  ParallelScavengeHeap::failed_mem_allocate(unsigned long)+0x63
V  [libjvm.so+0x955814]  VM_ParallelGCFailedAllocation::doit()+0x84
V  [libjvm.so+0x959917]  VM_Operation::evaluate()+0x47
V  [libjvm.so+0x9583d8]  VMThread::evaluate_operation(VM_Operation*)+0x318
V  [libjvm.so+0x958839]  VMThread::loop()+0x219
V  [libjvm.so+0x958c82]  VMThread::run()+0x72
V  [libjvm.so+0x7cc742]  java_start(Thread*)+0xf2

VM_Operation (0x00007f0911b4ed50): ParallelGCFailedAllocation, mode: safepoint, requested by thread 0x00007f090800a800


---------------  P R O C E S S  ---------------

Java Threads: ( => current thread )
  0x00007f09081a8000 JavaThread "pool-1-thread-4" [_thread_blocked, id=4063, stack(0x00007f08fc7ec000,0x00007f08fc8ed000)]
  0x00007f09081a6000 JavaThread "pool-1-thread-3" [_thread_blocked, id=4057, stack(0x00007f08fc8ed000,0x00007f08fc9ee000)]
  0x00007f09081a4800 JavaThread "pool-1-thread-2" [_thread_blocked, id=4054, stack(0x00007f08fc9ee000,0x00007f08fcaef000)]
  0x00007f09081a3800 JavaThread "pool-2-thread-1" [_thread_blocked, id=4053, stack(0x00007f0904080000,0x00007f0904181000)]
  0x00007f09081a2000 JavaThread "pool-1-thread-1" [_thread_blocked, id=4052, stack(0x00007f090c012000,0x00007f090c113000)]
  0x00007f09080b0800 JavaThread "Service Thread" daemon [_thread_blocked, id=4046, stack(0x00007f090c281000,0x00007f090c382000)]
  0x00007f09080ae000 JavaThread "C2 CompilerThread1" daemon [_thread_blocked, id=4045, stack(0x00007f090c382000,0x00007f090c483000)]
  0x00007f09080ab000 JavaThread "C2 CompilerThread0" daemon [_thread_blocked, id=4043, stack(0x00007f090c483000,0x00007f090c584000)]
  0x00007f09080a9000 JavaThread "Signal Dispatcher" daemon [_thread_blocked, id=4034, stack(0x00007f090c584000,0x00007f090c685000)]
  0x00007f090807c000 JavaThread "Finalizer" daemon [_thread_blocked, id=4031, stack(0x00007f090c685000,0x00007f090c786000)]
  0x00007f090807a000 JavaThread "Reference Handler" daemon [_thread_blocked, id=4024, stack(0x00007f090c786000,0x00007f090c887000)]
  0x00007f090800a800 JavaThread "main" [_thread_blocked, id=4003, stack(0x00007f0911a50000,0x00007f0911b51000)]

Other Threads:
=>0x00007f0908076000 VMThread [stack: 0x00007f090c887000,0x00007f090c988000] [id=4021]
  0x00007f09080bb000 WatcherThread [stack: 0x00007f090c180000,0x00007f090c281000] [id=4048]

VM state:at safepoint (normal execution)

VM Mutex/Monitor currently owned by a thread:  ([mutex/lock_event])
[0x00007f09080069b0] Threads_lock - owner thread: 0x00007f0908076000
[0x00007f0908006eb0] Heap_lock - owner thread: 0x00007f090800a800

Heap
 PSYoungGen      total 141312K, used 16890K [0x00000000eaa80000, 0x00000000f4780000, 0x0000000100000000)
  eden space 124416K, 0% used [0x00000000eaa80000,0x00000000eaa80000,0x00000000f2400000)
  from space 16896K, 99% used [0x00000000f2400000,0x00000000f347eba0,0x00000000f3480000)
  to   space 14336K, 0% used [0x00000000f3480000,0x00000000f3480000,0x00000000f4280000)
 ParOldGen       total 39424K, used 38475K [0x00000000c0000000, 0x00000000c2680000, 0x00000000eaa80000)
  object space 39424K, 97% used [0x00000000c0000000,0x00000000c2592c28,0x00000000c2680000)
 PSPermGen       total 21504K, used 6362K [0x00000000b5a00000, 0x00000000b6f00000, 0x00000000c0000000)
  object space 21504K, 29% used [0x00000000b5a00000,0x00000000b6036a98,0x00000000b6f00000)

Card table byte_map: [0x00007f090e430000,0x00007f090e684000] byte_map_base: 0x00007f090de83000

Polling page: 0x00007f0911b6d000

Code Cache  [0x00007f0905000000, 0x00007f0905270000, 0x00007f0908000000)
 total_blobs=571 nmethods=340 adapters=184 free_code_cache=47577Kb largest_free_block=48677120

Compilation events (10 events):
Event: 24.624 Thread 0x00007f09080ae000 nmethod 347 0x00007f0905184fd0 code [0x00007f0905185140, 0x00007f0905185528]
Event: 24.624 Thread 0x00007f09080ae000  348   !         com.android.dx.rop.code.RegisterSpecSet::get (18 bytes)
Event: 24.625 Thread 0x00007f09080ae000 nmethod 348 0x00007f09050d0350 code [0x00007f09050d04a0, 0x00007f09050d0538]
Event: 24.625 Thread 0x00007f09080ae000  349             java.util.HashMap::getEntry (86 bytes)
Event: 24.641 Thread 0x00007f09080ae000 nmethod 349 0x00007f0905189390 code [0x00007f09051894e0, 0x00007f09051896b8]
Event: 24.641 Thread 0x00007f09080ae000  350             java.util.ArrayList::remove (77 bytes)
Event: 24.702 Thread 0x00007f09080ae000 nmethod 350 0x00007f0905187210 code [0x00007f0905187360, 0x00007f09051876f8]
Event: 24.702 Thread 0x00007f09080ae000  351             com.android.dx.ssa.LiteralOpUpgrader::access$000 (6 bytes)
Event: 24.972 Thread 0x00007f09080ae000 nmethod 351 0x00007f0905190b50 code [0x00007f0905190e60, 0x00007f0905191e20]
Event: 24.972 Thread 0x00007f09080ae000  352             com.android.dx.ssa.LiteralOpUpgrader$1::visitNonMoveInsn (203 bytes)

GC Heap History (10 events):
Event: 2.924 GC heap after
Heap after GC invocations=2 (full 0):
 PSYoungGen      total 33792K, used 2041K [0x00000000eaa80000, 0x00000000ecd80000, 0x0000000100000000)
  eden space 31744K, 0% used [0x00000000eaa80000,0x00000000eaa80000,0x00000000ec980000)
  from space 2048K, 99% used [0x00000000ecb80000,0x00000000ecd7e618,0x00000000ecd80000)
  to   space 2048K, 0% used [0x00000000ec980000,0x00000000ec980000,0x00000000ecb80000)
 ParOldGen       total 39424K, used 2380K [0x00000000c0000000, 0x00000000c2680000, 0x00000000eaa80000)
  object space 39424K, 6% used [0x00000000c0000000,0x00000000c02530a0,0x00000000c2680000)
 PSPermGen       total 21504K, used 5977K [0x00000000b5a00000, 0x00000000b6f00000, 0x00000000c0000000)
  object space 21504K, 27% used [0x00000000b5a00000,0x00000000b5fd65b0,0x00000000b6f00000)
}
Event: 4.981 GC heap before
{Heap before GC invocations=3 (full 0):
 PSYoungGen      total 33792K, used 33785K [0x00000000eaa80000, 0x00000000ecd80000, 0x0000000100000000)
  eden space 31744K, 100% used [0x00000000eaa80000,0x00000000ec980000,0x00000000ec980000)
  from space 2048K, 99% used [0x00000000ecb80000,0x00000000ecd7e618,0x00000000ecd80000)
  to   space 2048K, 0% used [0x00000000ec980000,0x00000000ec980000,0x00000000ecb80000)
 ParOldGen       total 39424K, used 2380K [0x00000000c0000000, 0x00000000c2680000, 0x00000000eaa80000)
  object space 39424K, 6% used [0x00000000c0000000,0x00000000c02530a0,0x00000000c2680000)
 PSPermGen       total 21504K, used 6157K [0x00000000b5a00000, 0x00000000b6f00000, 0x00000000c0000000)
  object space 21504K, 28% used [0x00000000b5a00000,0x00000000b60034d8,0x00000000b6f00000)
Event: 5.013 GC heap after
Heap after GC invocations=3 (full 0):
 PSYoungGen      total 33792K, used 2033K [0x00000000eaa80000, 0x00000000eec80000, 0x0000000100000000)
  eden space 31744K, 0% used [0x00000000eaa80000,0x00000000eaa80000,0x00000000ec980000)
  from space 2048K, 99% used [0x00000000ec980000,0x00000000ecb7c6a0,0x00000000ecb80000)
  to   space 2048K, 0% used [0x00000000eea80000,0x00000000eea80000,0x00000000eec80000)
 ParOldGen       total 39424K, used 7822K [0x00000000c0000000, 0x00000000c2680000, 0x00000000eaa80000)
  object space 39424K, 19% used [0x00000000c0000000,0x00000000c07a3b68,0x00000000c2680000)
 PSPermGen       total 21504K, used 6157K [0x00000000b5a00000, 0x00000000b6f00000, 0x00000000c0000000)
  object space 21504K, 28% used [0x00000000b5a00000,0x00000000b60034d8,0x00000000b6f00000)
}
Event: 7.637 GC heap before
{Heap before GC invocations=4 (full 0):
 PSYoungGen      total 33792K, used 33777K [0x00000000eaa80000, 0x00000000eec80000, 0x0000000100000000)
  eden space 31744K, 100% used [0x00000000eaa80000,0x00000000ec980000,0x00000000ec980000)
  from space 2048K, 99% used [0x00000000ec980000,0x00000000ecb7c6a0,0x00000000ecb80000)
  to   space 2048K, 0% used [0x00000000eea80000,0x00000000eea80000,0x00000000eec80000)
 ParOldGen       total 39424K, used 7822K [0x00000000c0000000, 0x00000000c2680000, 0x00000000eaa80000)
  object space 39424K, 19% used [0x00000000c0000000,0x00000000c07a3b68,0x00000000c2680000)
 PSPermGen       total 21504K, used 6206K [0x00000000b5a00000, 0x00000000b6f00000, 0x00000000c0000000)
  object space 21504K, 28% used [0x00000000b5a00000,0x00000000b600f920,0x00000000b6f00000)
Event: 7.701 GC heap after
Heap after GC invocations=4 (full 0):
 PSYoungGen      total 65536K, used 2033K [0x00000000eaa80000, 0x00000000eec80000, 0x0000000100000000)
  eden space 63488K, 0% used [0x00000000eaa80000,0x00000000eaa80000,0x00000000ee880000)
  from space 2048K, 99% used [0x00000000eea80000,0x00000000eec7c6a0,0x00000000eec80000)
  to   space 2048K, 0% used [0x00000000ee880000,0x00000000ee880000,0x00000000eea80000)
 ParOldGen       total 39424K, used 13174K [0x00000000c0000000, 0x00000000c2680000, 0x00000000eaa80000)
  object space 39424K, 33% used [0x00000000c0000000,0x00000000c0cdd850,0x00000000c2680000)
 PSPermGen       total 21504K, used 6206K [0x00000000b5a00000, 0x00000000b6f00000, 0x00000000c0000000)
  object space 21504K, 28% used [0x00000000b5a00000,0x00000000b600f920,0x00000000b6f00000)
}
Event: 12.460 GC heap before
{Heap before GC invocations=5 (full 0):
 PSYoungGen      total 65536K, used 65521K [0x00000000eaa80000, 0x00000000eec80000, 0x0000000100000000)
  eden space 63488K, 100% used [0x00000000eaa80000,0x00000000ee880000,0x00000000ee880000)
  from space 2048K, 99% used [0x00000000eea80000,0x00000000eec7c6a0,0x00000000eec80000)
  to   space 2048K, 0% used [0x00000000ee880000,0x00000000ee880000,0x00000000eea80000)
 ParOldGen       total 39424K, used 13174K [0x00000000c0000000, 0x00000000c2680000, 0x00000000eaa80000)
  object space 39424K, 33% used [0x00000000c0000000,0x00000000c0cdd850,0x00000000c2680000)
 PSPermGen       total 21504K, used 6239K [0x00000000b5a00000, 0x00000000b6f00000, 0x00000000c0000000)
  object space 21504K, 29% used [0x00000000b5a00000,0x00000000b6017f40,0x00000000b6f00000)
Event: 12.549 GC heap after
Heap after GC invocations=5 (full 0):
 PSYoungGen      total 65536K, used 2047K [0x00000000eaa80000, 0x00000000f4280000, 0x0000000100000000)
  eden space 63488K, 0% used [0x00000000eaa80000,0x00000000eaa80000,0x00000000ee880000)
  from space 2048K, 99% used [0x00000000ee880000,0x00000000eea7fd30,0x00000000eea80000)
  to   space 14336K, 0% used [0x00000000f3480000,0x00000000f3480000,0x00000000f4280000)
 ParOldGen       total 39424K, used 23274K [0x00000000c0000000, 0x00000000c2680000, 0x00000000eaa80000)
  object space 39424K, 59% used [0x00000000c0000000,0x00000000c16ba928,0x00000000c2680000)
 PSPermGen       total 21504K, used 6239K [0x00000000b5a00000, 0x00000000b6f00000, 0x00000000c0000000)
  object space 21504K, 29% used [0x00000000b5a00000,0x00000000b6017f40,0x00000000b6f00000)
}
Event: 18.774 GC heap before
{Heap before GC invocations=6 (full 0):
 PSYoungGen      total 65536K, used 65535K [0x00000000eaa80000, 0x00000000f4280000, 0x0000000100000000)
  eden space 63488K, 100% used [0x00000000eaa80000,0x00000000ee880000,0x00000000ee880000)
  from space 2048K, 99% used [0x00000000ee880000,0x00000000eea7fd30,0x00000000eea80000)
  to   space 14336K, 0% used [0x00000000f3480000,0x00000000f3480000,0x00000000f4280000)
 ParOldGen       total 39424K, used 23274K [0x00000000c0000000, 0x00000000c2680000, 0x00000000eaa80000)
  object space 39424K, 59% used [0x00000000c0000000,0x00000000c16ba928,0x00000000c2680000)
 PSPermGen       total 21504K, used 6284K [0x00000000b5a00000, 0x00000000b6f00000, 0x00000000c0000000)
  object space 21504K, 29% used [0x00000000b5a00000,0x00000000b6023180,0x00000000b6f00000)
Event: 18.887 GC heap after
Heap after GC invocations=6 (full 0):
 PSYoungGen      total 138752K, used 13056K [0x00000000eaa80000, 0x00000000f4780000, 0x0000000100000000)
  eden space 124416K, 0% used [0x00000000eaa80000,0x00000000eaa80000,0x00000000f2400000)
  from space 14336K, 91% used [0x00000000f3480000,0x00000000f41400e8,0x00000000f4280000)
  to   space 16896K, 0% used [0x00000000f2400000,0x00000000f2400000,0x00000000f3480000)
 ParOldGen       total 39424K, used 23274K [0x00000000c0000000, 0x00000000c2680000, 0x00000000eaa80000)
  object space 39424K, 59% used [0x00000000c0000000,0x00000000c16ba928,0x00000000c2680000)
 PSPermGen       total 21504K, used 6284K [0x00000000b5a00000, 0x00000000b6f00000, 0x00000000c0000000)
  object space 21504K, 29% used [0x00000000b5a00000,0x00000000b6023180,0x00000000b6f00000)
}
Event: 25.013 GC heap before
{Heap before GC invocations=7 (full 0):
 PSYoungGen      total 138752K, used 137472K [0x00000000eaa80000, 0x00000000f4780000, 0x0000000100000000)
  eden space 124416K, 100% used [0x00000000eaa80000,0x00000000f2400000,0x00000000f2400000)
  from space 14336K, 91% used [0x00000000f3480000,0x00000000f41400e8,0x00000000f4280000)
  to   space 16896K, 0% used [0x00000000f2400000,0x00000000f2400000,0x00000000f3480000)
 ParOldGen       total 39424K, used 23274K [0x00000000c0000000, 0x00000000c2680000, 0x00000000eaa80000)
  object space 39424K, 59% used [0x00000000c0000000,0x00000000c16ba928,0x00000000c2680000)
 PSPermGen       total 21504K, used 6362K [0x00000000b5a00000, 0x00000000b6f00000, 0x00000000c0000000)
  object space 21504K, 29% used [0x00000000b5a00000,0x00000000b6036a98,0x00000000b6f00000)

Deoptimization events (10 events):
Event: 5.463 Thread 0x00007f09081a6000 Uncommon trap: reason=unstable_if action=reinterpret pc=0x00007f0905092cbc method=com.android.dx.rop.code.RegisterSpec.equals(ILcom/android/dx/rop/type/TypeBearer;Lcom/android/dx/rop/code/LocalItem;)Z @ 42
Event: 6.196 Thread 0x00007f09081a4800 Uncommon trap: reason=unstable_if action=reinterpret pc=0x00007f09050ba358 method=com.android.dx.ssa.LocalVariableExtractor.processBlock(I)V @ 251
Event: 6.245 Thread 0x00007f09081a6000 Uncommon trap: reason=unstable_if action=reinterpret pc=0x00007f09050c10bc method=com.android.dx.ssa.SsaRenamer$BlockRenamer.process()V @ 90
Event: 7.195 Thread 0x00007f090800a800 Uncommon trap: reason=null_check action=make_not_entrant pc=0x00007f09050d0418 method=com.android.dx.rop.type.Type.putIntern(Lcom/android/dx/rop/type/Type;)Lcom/android/dx/rop/type/Type; @ 18
Event: 9.100 Thread 0x00007f09081a8000 Uncommon trap: reason=unstable_if action=reinterpret pc=0x00007f09050d1434 method=com.android.dx.util.IntList.binarysearch(I)I @ 105
Event: 11.536 Thread 0x00007f09081a2000 Uncommon trap: reason=unstable_if action=reinterpret pc=0x00007f0905094634 method=com.android.dx.util.IntList.binarysearch(I)I @ 105
Event: 14.375 Thread 0x00007f09081a8000 Uncommon trap: reason=unstable_if action=reinterpret pc=0x00007f09050ed9c0 method=com.android.dx.ssa.SCCP.simulateBranch(Lcom/android/dx/ssa/SsaInsn;)V @ 548
Event: 14.644 Thread 0x00007f09081a8000 Uncommon trap: reason=class_check action=maybe_recompile pc=0x00007f09050f66e0 method=com.android.dx.rop.code.RegisterSpec.withSimpleType()Lcom/android/dx/rop/code/RegisterSpec; @ 21
Event: 18.910 Thread 0x00007f09081a8000 Uncommon trap: reason=null_check action=make_not_entrant pc=0x00007f0905123ff0 method=com.android.dx.cf.code.Ropper$CatchInfo.getSetup(Lcom/android/dx/rop/type/Type;)Lcom/android/dx/cf/code/Ropper$ExceptionHandlerSetup; @ 10
Event: 20.945 Thread 0x00007f09081a8000 Uncommon trap: reason=unstable_if action=reinterpret pc=0x00007f09050d9cb0 method=com.android.dx.ssa.Dominators.run()V @ 346

Internal exceptions (10 events):
Event: 2.356 Thread 0x00007f090800a800 Threw 0x00000000eb373ca8 at /build/openjdk-7-zaTxYK/openjdk-7-7u91-2.6.3/build/openjdk/hotspot/src/share/vm/prims/jvm.cpp:1322
Event: 2.364 Thread 0x00007f09081a2000 Threw 0x00000000eb44cc30 at /build/openjdk-7-zaTxYK/openjdk-7-7u91-2.6.3/build/openjdk/hotspot/src/share/vm/prims/jvm.cpp:1322
Event: 2.584 Thread 0x00007f090800a800 Threw 0x00000000eb65d660 at /build/openjdk-7-zaTxYK/openjdk-7-7u91-2.6.3/build/openjdk/hotspot/src/share/vm/prims/jvm.cpp:1322
Event: 3.441 Thread 0x00007f09081a2000 Threw 0x00000000eaaf1368 at /build/openjdk-7-zaTxYK/openjdk-7-7u91-2.6.3/build/openjdk/hotspot/src/share/vm/prims/jvm.cpp:1322
Event: 5.487 Thread 0x00007f090800a800 Threw 0x00000000eaf86210 at /build/openjdk-7-zaTxYK/openjdk-7-7u91-2.6.3/build/openjdk/hotspot/src/share/vm/prims/jvm.cpp:1322
Event: 6.168 Thread 0x00007f09081a2000 Threw 0x00000000eb97db20 at /build/openjdk-7-zaTxYK/openjdk-7-7u91-2.6.3/build/openjdk/hotspot/src/share/vm/prims/jvm.cpp:1322
Event: 7.195 Thread 0x00007f090800a800 Implicit null exception at 0x00007f09050cfd1f to 0x00007f09050d0409
Event: 7.486 Thread 0x00007f09081a8000 Threw 0x00000000ec7a2720 at /build/openjdk-7-zaTxYK/openjdk-7-7u91-2.6.3/build/openjdk/hotspot/src/share/vm/prims/jvm.cpp:1322
Event: 16.557 Thread 0x00007f090800a800 Threw 0x00000000ed6d60e8 at /build/openjdk-7-zaTxYK/openjdk-7-7u91-2.6.3/build/openjdk/hotspot/src/share/vm/prims/jvm.cpp:1322
Event: 18.910 Thread 0x00007f09081a8000 Implicit null exception at 0x00007f09051201f1 to 0x00007f0905123fa9

Events (10 events):
Event: 20.945 Thread 0x00007f09081a8000 Uncommon trap: trap_request=0xffffff75 fr.pc=0x00007f09050d9cb0
Event: 20.945 Thread 0x00007f09081a8000 DEOPT PACKING pc=0x00007f09050d9cb0 sp=0x00007f08fc8eb060
Event: 20.945 Thread 0x00007f09081a8000 DEOPT UNPACKING pc=0x00007f0905039445 sp=0x00007f08fc8eb078 mode 2
Event: 21.071 Thread 0x00007f09080ae000 flushing nmethod 0x00007f090507d1d0
Event: 21.077 Thread 0x00007f09080ae000 flushing nmethod 0x00007f0905092850
Event: 21.639 Thread 0x00007f09080ae000 flushing nmethod 0x00007f09050b8550
Event: 21.639 Thread 0x00007f09080ae000 flushing nmethod 0x00007f09050be710
Event: 23.859 Thread 0x00007f09080ae000 flushing nmethod 0x00007f09050cf4d0
Event: 23.859 Thread 0x00007f09080ae000 flushing nmethod 0x00007f09050d1190
Event: 24.987 Executing VM operation: ParallelGCFailedAllocation


Dynamic libraries:
00400000-00401000 r-xp 00000000 08:02 19010634                           /usr/lib/jvm/java-7-openjdk-amd64/jre/bin/java
00600000-00601000 r--p 00000000 08:02 19010634                           /usr/lib/jvm/java-7-openjdk-amd64/jre/bin/java
00601000-00602000 rw-p 00001000 08:02 19010634                           /usr/lib/jvm/java-7-openjdk-amd64/jre/bin/java
01424000-01445000 rw-p 00000000 00:00 0                                  [heap]
b5a00000-b6f00000 rw-p 00000000 00:00 0 
b6f00000-c0000000 rw-p 00000000 00:00 0 
c0000000-c2680000 rw-p 00000000 00:00 0 
c2680000-eaa80000 rw-p 00000000 00:00 0 
eaa80000-f4780000 rw-p 00000000 00:00 0 
fd380000-100000000 rw-p 00000000 00:00 0 
7f08b8000000-7f08b8022000 rw-p 00000000 00:00 0 
7f08b8022000-7f08bc000000 ---p 00000000 00:00 0 
7f08c0000000-7f08c0031000 rw-p 00000000 00:00 0 
7f08c0031000-7f08c4000000 ---p 00000000 00:00 0 
7f08c4000000-7f08c402d000 rw-p 00000000 00:00 0 
7f08c402d000-7f08c8000000 ---p 00000000 00:00 0 
7f08c8000000-7f08c8022000 rw-p 00000000 00:00 0 
7f08c8022000-7f08cc000000 ---p 00000000 00:00 0 
7f08cc000000-7f08cc021000 rw-p 00000000 00:00 0 
7f08cc021000-7f08d0000000 ---p 00000000 00:00 0 
7f08d0000000-7f08d0021000 rw-p 00000000 00:00 0 
7f08d0021000-7f08d4000000 ---p 00000000 00:00 0 
7f08d4000000-7f08d4021000 rw-p 00000000 00:00 0 
7f08d4021000-7f08d8000000 ---p 00000000 00:00 0 
7f08d8000000-7f08d9419000 rw-p 00000000 00:00 0 
7f08d9419000-7f08dc000000 ---p 00000000 00:00 0 
7f08dc000000-7f08dda01000 rw-p 00000000 00:00 0 
7f08dda01000-7f08e0000000 ---p 00000000 00:00 0 
7f08e0000000-7f08e0021000 rw-p 00000000 00:00 0 
7f08e0021000-7f08e4000000 ---p 00000000 00:00 0 
7f08e4000000-7f08e4021000 rw-p 00000000 00:00 0 
7f08e4021000-7f08e8000000 ---p 00000000 00:00 0 
7f08e8000000-7f08e8242000 rw-p 00000000 00:00 0 
7f08e8242000-7f08ec000000 ---p 00000000 00:00 0 
7f08ec000000-7f08ec021000 rw-p 00000000 00:00 0 
7f08ec021000-7f08f0000000 ---p 00000000 00:00 0 
7f08f0000000-7f08f0021000 rw-p 00000000 00:00 0 
7f08f0021000-7f08f4000000 ---p 00000000 00:00 0 
7f08f4000000-7f08f4021000 rw-p 00000000 00:00 0 
7f08f4021000-7f08f8000000 ---p 00000000 00:00 0 
7f08f8000000-7f08f8021000 rw-p 00000000 00:00 0 
7f08f8021000-7f08fc000000 ---p 00000000 00:00 0 
7f08fc7ec000-7f08fc7ef000 ---p 00000000 00:00 0 
7f08fc7ef000-7f08fc8ed000 rw-p 00000000 00:00 0                          [stack:4063]
7f08fc8ed000-7f08fc8f0000 ---p 00000000 00:00 0 
7f08fc8f0000-7f08fc9ee000 rw-p 00000000 00:00 0                          [stack:4057]
7f08fc9ee000-7f08fc9f1000 ---p 00000000 00:00 0 
7f08fc9f1000-7f08fcaef000 rw-p 00000000 00:00 0                          [stack:4054]
7f08fcaef000-7f08fcb2c000 r-xp 00000000 08:02 5509048                    /lib/x86_64-linux-gnu/libpcre.so.3.13.1
7f08fcb2c000-7f08fcd2b000 ---p 0003d000 08:02 5509048                    /lib/x86_64-linux-gnu/libpcre.so.3.13.1
7f08fcd2b000-7f08fcd2c000 r--p 0003c000 08:02 5509048                    /lib/x86_64-linux-gnu/libpcre.so.3.13.1
7f08fcd2c000-7f08fcd2d000 rw-p 0003d000 08:02 5509048                    /lib/x86_64-linux-gnu/libpcre.so.3.13.1
7f08fcd2d000-7f08fcd34000 r-xp 00000000 08:02 18620219                   /usr/lib/x86_64-linux-gnu/libffi.so.6.0.1
7f08fcd34000-7f08fcf33000 ---p 00007000 08:02 18620219                   /usr/lib/x86_64-linux-gnu/libffi.so.6.0.1
7f08fcf33000-7f08fcf34000 r--p 00006000 08:02 18620219                   /usr/lib/x86_64-linux-gnu/libffi.so.6.0.1
7f08fcf34000-7f08fcf35000 rw-p 00007000 08:02 18620219                   /usr/lib/x86_64-linux-gnu/libffi.so.6.0.1
7f08fcf35000-7f08fcf4c000 r-xp 00000000 08:02 5505043                    /lib/x86_64-linux-gnu/libresolv-2.19.so
7f08fcf4c000-7f08fd14c000 ---p 00017000 08:02 5505043                    /lib/x86_64-linux-gnu/libresolv-2.19.so
7f08fd14c000-7f08fd14d000 r--p 00017000 08:02 5505043                    /lib/x86_64-linux-gnu/libresolv-2.19.so
7f08fd14d000-7f08fd14e000 rw-p 00018000 08:02 5505043                    /lib/x86_64-linux-gnu/libresolv-2.19.so
7f08fd14e000-7f08fd150000 rw-p 00000000 00:00 0 
7f08fd150000-7f08fd170000 r-xp 00000000 08:02 5509168                    /lib/x86_64-linux-gnu/libselinux.so.1
7f08fd170000-7f08fd36f000 ---p 00020000 08:02 5509168                    /lib/x86_64-linux-gnu/libselinux.so.1
7f08fd36f000-7f08fd370000 r--p 0001f000 08:02 5509168                    /lib/x86_64-linux-gnu/libselinux.so.1
7f08fd370000-7f08fd371000 rw-p 00020000 08:02 5509168                    /lib/x86_64-linux-gnu/libselinux.so.1
7f08fd371000-7f08fd373000 rw-p 00000000 00:00 0 
7f08fd373000-7f08fd376000 r-xp 00000000 08:02 18620332                   /usr/lib/x86_64-linux-gnu/libgmodule-2.0.so.0.4002.0
7f08fd376000-7f08fd575000 ---p 00003000 08:02 18620332                   /usr/lib/x86_64-linux-gnu/libgmodule-2.0.so.0.4002.0
7f08fd575000-7f08fd576000 r--p 00002000 08:02 18620332                   /usr/lib/x86_64-linux-gnu/libgmodule-2.0.so.0.4002.0
7f08fd576000-7f08fd577000 rw-p 00003000 08:02 18620332                   /usr/lib/x86_64-linux-gnu/libgmodule-2.0.so.0.4002.0
7f08fd577000-7f08fd67d000 r-xp 00000000 08:02 5509069                    /lib/x86_64-linux-gnu/libglib-2.0.so.0.4002.0
7f08fd67d000-7f08fd87c000 ---p 00106000 08:02 5509069                    /lib/x86_64-linux-gnu/libglib-2.0.so.0.4002.0
7f08fd87c000-7f08fd87d000 r--p 00105000 08:02 5509069                    /lib/x86_64-linux-gnu/libglib-2.0.so.0.4002.0
7f08fd87d000-7f08fd87e000 rw-p 00106000 08:02 5509069                    /lib/x86_64-linux-gnu/libglib-2.0.so.0.4002.0
7f08fd87e000-7f08fd87f000 rw-p 00000000 00:00 0 
7f08fd87f000-7f08fd8ce000 r-xp 00000000 08:02 18620348                   /usr/lib/x86_64-linux-gnu/libgobject-2.0.so.0.4002.0
7f08fd8ce000-7f08fdace000 ---p 0004f000 08:02 18620348                   /usr/lib/x86_64-linux-gnu/libgobject-2.0.so.0.4002.0
7f08fdace000-7f08fdacf000 r--p 0004f000 08:02 18620348                   /usr/lib/x86_64-linux-gnu/libgobject-2.0.so.0.4002.0
7f08fdacf000-7f08fdad0000 rw-p 00050000 08:02 18620348                   /usr/lib/x86_64-linux-gnu/libgobject-2.0.so.0.4002.0
7f08fdad0000-7f0900000000 rw-p 00000000 00:00 0 
7f0900000000-7f0900021000 rw-p 00000000 00:00 0 
7f0900021000-7f0904000000 ---p 00000000 00:00 0 
7f0904080000-7f0904083000 ---p 00000000 00:00 0 
7f0904083000-7f0904181000 rw-p 00000000 00:00 0                          [stack:4053]
7f0904181000-7f09042ed000 r-xp 00000000 08:02 18620320                   /usr/lib/x86_64-linux-gnu/libgio-2.0.so.0.4002.0
7f09042ed000-7f09044ec000 ---p 0016c000 08:02 18620320                   /usr/lib/x86_64-linux-gnu/libgio-2.0.so.0.4002.0
7f09044ec000-7f09044f0000 r--p 0016b000 08:02 18620320                   /usr/lib/x86_64-linux-gnu/libgio-2.0.so.0.4002.0
7f09044f0000-7f09044f2000 rw-p 0016f000 08:02 18620320                   /usr/lib/x86_64-linux-gnu/libgio-2.0.so.0.4002.0
7f09044f2000-7f09044f4000 rw-p 00000000 00:00 0 
7f09044f4000-7f090450b000 r-xp 00000000 08:02 19010773                   /usr/lib/jvm/java-7-openjdk-amd64/jre/lib/amd64/libnet.so
7f090450b000-7f090470a000 ---p 00017000 08:02 19010773                   /usr/lib/jvm/java-7-openjdk-amd64/jre/lib/amd64/libnet.so
7f090470a000-7f090470b000 r--p 00016000 08:02 19010773                   /usr/lib/jvm/java-7-openjdk-amd64/jre/lib/amd64/libnet.so
7f090470b000-7f090470c000 rw-p 00017000 08:02 19010773                   /usr/lib/jvm/java-7-openjdk-amd64/jre/lib/amd64/libnet.so
7f090470c000-7f090471c000 r-xp 00000000 08:02 19010743                   /usr/lib/jvm/java-7-openjdk-amd64/jre/lib/amd64/libnio.so
7f090471c000-7f090491c000 ---p 00010000 08:02 19010743                   /usr/lib/jvm/java-7-openjdk-amd64/jre/lib/amd64/libnio.so
7f090491c000-7f090491d000 r--p 00010000 08:02 19010743                   /usr/lib/jvm/java-7-openjdk-amd64/jre/lib/amd64/libnio.so
7f090491d000-7f090491e000 rw-p 00011000 08:02 19010743                   /usr/lib/jvm/java-7-openjdk-amd64/jre/lib/amd64/libnio.so
7f090491e000-7f0905000000 r--p 00000000 08:02 18618969                   /usr/lib/locale/locale-archive
7f0905000000-7f0905270000 rwxp 00000000 00:00 0 
7f0905270000-7f09081ef000 rw-p 00000000 00:00 0 
7f09081ef000-7f090c000000 ---p 00000000 00:00 0 
7f090c012000-7f090c015000 ---p 00000000 00:00 0 
7f090c015000-7f090c144000 rw-p 00000000 00:00 0                          [stack:4052]
7f090c15c000-7f090c171000 r--s 000e5000 08:02 13238973                   /home/bharat/AndroidStudioProjects/BePh/app/build/intermediates/exploded-aar/com.android.support/support-v4/23.1.1/jars/classes.jar
7f090c171000-7f090c180000 r--s 000df000 08:02 8524556                    /home/bharat/Documents/Android-Linux/android-sdk-linux/build-tools/23.0.2/lib/dx.jar
7f090c180000-7f090c181000 ---p 00000000 00:00 0 
7f090c181000-7f090c281000 rw-p 00000000 00:00 0                          [stack:4048]
7f090c281000-7f090c284000 ---p 00000000 00:00 0 
7f090c284000-7f090c382000 rw-p 00000000 00:00 0                          [stack:4046]
7f090c382000-7f090c385000 ---p 00000000 00:00 0 
7f090c385000-7f090c483000 rw-p 00000000 00:00 0                          [stack:4045]
7f090c483000-7f090c486000 ---p 00000000 00:00 0 
7f090c486000-7f090c584000 rw-p 00000000 00:00 0                          [stack:4043]
7f090c584000-7f090c587000 ---p 00000000 00:00 0 
7f090c587000-7f090c685000 rw-p 00000000 00:00 0                          [stack:4034]
7f090c685000-7f090c688000 ---p 00000000 00:00 0 
7f090c688000-7f090c786000 rw-p 00000000 00:00 0                          [stack:4031]
7f090c786000-7f090c789000 ---p 00000000 00:00 0 
7f090c789000-7f090c887000 rw-p 00000000 00:00 0                          [stack:4024]
7f090c887000-7f090c888000 ---p 00000000 00:00 0 
7f090c888000-7f090d985000 rw-p 00000000 00:00 0                          [stack:4021]
7f090d985000-7f090db37000 r--s 01d2e000 08:02 19010737                   /usr/lib/jvm/java-7-openjdk-amd64/jre/lib/rt.jar
7f090db37000-7f090de83000 rw-p 00000000 00:00 0 
7f090de83000-7f090de84000 ---p 00000000 00:00 0 
7f090de84000-7f090df84000 rw-p 00000000 00:00 0                          [stack:4019]
7f090df84000-7f090df85000 ---p 00000000 00:00 0 
7f090df85000-7f090e085000 rw-p 00000000 00:00 0                          [stack:4017]
7f090e085000-7f090e086000 ---p 00000000 00:00 0 
7f090e086000-7f090e186000 rw-p 00000000 00:00 0                          [stack:4012]
7f090e186000-7f090e187000 ---p 00000000 00:00 0 
7f090e187000-7f090e292000 rw-p 00000000 00:00 0                          [stack:4004]
7f090e292000-7f090e2da000 rw-p 00000000 00:00 0 
7f090e2da000-7f090e2ee000 rw-p 00000000 00:00 0 
7f090e2ee000-7f090e430000 rw-p 00000000 00:00 0 
7f090e430000-7f090e43b000 rw-p 00000000 00:00 0 
7f090e43b000-7f090e483000 rw-p 00000000 00:00 0 
7f090e483000-7f090e497000 rw-p 00000000 00:00 0 
7f090e497000-7f090e5d8000 rw-p 00000000 00:00 0 
7f090e5d8000-7f090e627000 rw-p 00000000 00:00 0 
7f090e627000-7f090e683000 rw-p 00000000 00:00 0 
7f090e683000-7f090e684000 rw-p 00000000 00:00 0 
7f090e684000-7f090e68c000 r-xp 00000000 08:02 19010747                   /usr/lib/jvm/java-7-openjdk-amd64/jre/lib/amd64/libzip.so
7f090e68c000-7f090e88b000 ---p 00008000 08:02 19010747                   /usr/lib/jvm/java-7-openjdk-amd64/jre/lib/amd64/libzip.so
7f090e88b000-7f090e88c000 r--p 00007000 08:02 19010747                   /usr/lib/jvm/java-7-openjdk-amd64/jre/lib/amd64/libzip.so
7f090e88c000-7f090e88d000 rw-p 00008000 08:02 19010747                   /usr/lib/jvm/java-7-openjdk-amd64/jre/lib/amd64/libzip.so
7f090e88d000-7f090e898000 r-xp 00000000 08:02 5505053                    /lib/x86_64-linux-gnu/libnss_files-2.19.so
7f090e898000-7f090ea97000 ---p 0000b000 08:02 5505053                    /lib/x86_64-linux-gnu/libnss_files-2.19.so
7f090ea97000-7f090ea98000 r--p 0000a000 08:02 5505053                    /lib/x86_64-linux-gnu/libnss_files-2.19.so
7f090ea98000-7f090ea99000 rw-p 0000b000 08:02 5505053                    /lib/x86_64-linux-gnu/libnss_files-2.19.so
7f090ea99000-7f090eaa4000 r-xp 00000000 08:02 5509053                    /lib/x86_64-linux-gnu/libnss_nis-2.19.so
7f090eaa4000-7f090eca3000 ---p 0000b000 08:02 5509053                    /lib/x86_64-linux-gnu/libnss_nis-2.19.so
7f090eca3000-7f090eca4000 r--p 0000a000 08:02 5509053                    /lib/x86_64-linux-gnu/libnss_nis-2.19.so
7f090eca4000-7f090eca5000 rw-p 0000b000 08:02 5509053                    /lib/x86_64-linux-gnu/libnss_nis-2.19.so
7f090eca5000-7f090ecbc000 r-xp 00000000 08:02 5505120                    /lib/x86_64-linux-gnu/libnsl-2.19.so
7f090ecbc000-7f090eebb000 ---p 00017000 08:02 5505120                    /lib/x86_64-linux-gnu/libnsl-2.19.so
7f090eebb000-7f090eebc000 r--p 00016000 08:02 5505120                    /lib/x86_64-linux-gnu/libnsl-2.19.so
7f090eebc000-7f090eebd000 rw-p 00017000 08:02 5505120                    /lib/x86_64-linux-gnu/libnsl-2.19.so
7f090eebd000-7f090eebf000 rw-p 00000000 00:00 0 
7f090eebf000-7f090eec8000 r-xp 00000000 08:02 5505119                    /lib/x86_64-linux-gnu/libnss_compat-2.19.so
7f090eec8000-7f090f0c7000 ---p 00009000 08:02 5505119                    /lib/x86_64-linux-gnu/libnss_compat-2.19.so
7f090f0c7000-7f090f0c8000 r--p 00008000 08:02 5505119                    /lib/x86_64-linux-gnu/libnss_compat-2.19.so
7f090f0c8000-7f090f0c9000 rw-p 00009000 08:02 5505119                    /lib/x86_64-linux-gnu/libnss_compat-2.19.so
7f090f0c9000-7f090f0f4000 r-xp 00000000 08:02 19010755                   /usr/lib/jvm/java-7-openjdk-amd64/jre/lib/amd64/libjava.so
7f090f0f4000-7f090f2f4000 ---p 0002b000 08:02 19010755                   /usr/lib/jvm/java-7-openjdk-amd64/jre/lib/amd64/libjava.so
7f090f2f4000-7f090f2f5000 r--p 0002b000 08:02 19010755                   /usr/lib/jvm/java-7-openjdk-amd64/jre/lib/amd64/libjava.so
7f090f2f5000-7f090f2f7000 rw-p 0002c000 08:02 19010755                   /usr/lib/jvm/java-7-openjdk-amd64/jre/lib/amd64/libjava.so
7f090f2f7000-7f090f307000 r-xp 00000000 08:02 19010769                   /usr/lib/jvm/java-7-openjdk-amd64/jre/lib/amd64/libverify.so
7f090f307000-7f090f506000 ---p 00010000 08:02 19010769                   /usr/lib/jvm/java-7-openjdk-amd64/jre/lib/amd64/libverify.so
7f090f506000-7f090f508000 r--p 0000f000 08:02 19010769                   /usr/lib/jvm/java-7-openjdk-amd64/jre/lib/amd64/libverify.so
7f090f508000-7f090f509000 rw-p 00011000 08:02 19010769                   /usr/lib/jvm/java-7-openjdk-amd64/jre/lib/amd64/libverify.so
7f090f509000-7f090f510000 r-xp 00000000 08:02 5505128                    /lib/x86_64-linux-gnu/librt-2.19.so
7f090f510000-7f090f70f000 ---p 00007000 08:02 5505128                    /lib/x86_64-linux-gnu/librt-2.19.so
7f090f70f000-7f090f710000 r--p 00006000 08:02 5505128                    /lib/x86_64-linux-gnu/librt-2.19.so
7f090f710000-7f090f711000 rw-p 00007000 08:02 5505128                    /lib/x86_64-linux-gnu/librt-2.19.so
7f090f711000-7f090f727000 r-xp 00000000 08:02 5509065                    /lib/x86_64-linux-gnu/libgcc_s.so.1
7f090f727000-7f090f926000 ---p 00016000 08:02 5509065                    /lib/x86_64-linux-gnu/libgcc_s.so.1
7f090f926000-7f090f927000 rw-p 00015000 08:02 5509065                    /lib/x86_64-linux-gnu/libgcc_s.so.1
7f090f927000-7f090fa2c000 r-xp 00000000 08:02 5505050                    /lib/x86_64-linux-gnu/libm-2.19.so
7f090fa2c000-7f090fc2b000 ---p 00105000 08:02 5505050                    /lib/x86_64-linux-gnu/libm-2.19.so
7f090fc2b000-7f090fc2c000 r--p 00104000 08:02 5505050                    /lib/x86_64-linux-gnu/libm-2.19.so
7f090fc2c000-7f090fc2d000 rw-p 00105000 08:02 5505050                    /lib/x86_64-linux-gnu/libm-2.19.so
7f090fc2d000-7f090fd13000 r-xp 00000000 08:02 18614969                   /usr/lib/x86_64-linux-gnu/libstdc++.so.6.0.19
7f090fd13000-7f090ff12000 ---p 000e6000 08:02 18614969                   /usr/lib/x86_64-linux-gnu/libstdc++.so.6.0.19
7f090ff12000-7f090ff1a000 r--p 000e5000 08:02 18614969                   /usr/lib/x86_64-linux-gnu/libstdc++.so.6.0.19
7f090ff1a000-7f090ff1c000 rw-p 000ed000 08:02 18614969                   /usr/lib/x86_64-linux-gnu/libstdc++.so.6.0.19
7f090ff1c000-7f090ff31000 rw-p 00000000 00:00 0 
7f090ff31000-7f0910a55000 r-xp 00000000 08:02 19010761                   /usr/lib/jvm/java-7-openjdk-amd64/jre/lib/amd64/server/libjvm.so
7f0910a55000-7f0910c55000 ---p 00b24000 08:02 19010761                   /usr/lib/jvm/java-7-openjdk-amd64/jre/lib/amd64/server/libjvm.so
7f0910c55000-7f0910cef000 r--p 00b24000 08:02 19010761                   /usr/lib/jvm/java-7-openjdk-amd64/jre/lib/amd64/server/libjvm.so
7f0910cef000-7f0910d12000 rw-p 00bbe000 08:02 19010761                   /usr/lib/jvm/java-7-openjdk-amd64/jre/lib/amd64/server/libjvm.so
7f0910d12000-7f0910d40000 rw-p 00000000 00:00 0 
7f0910d40000-7f0910d58000 r-xp 00000000 08:02 5509201                    /lib/x86_64-linux-gnu/libz.so.1.2.8
7f0910d58000-7f0910f57000 ---p 00018000 08:02 5509201                    /lib/x86_64-linux-gnu/libz.so.1.2.8
7f0910f57000-7f0910f58000 r--p 00017000 08:02 5509201                    /lib/x86_64-linux-gnu/libz.so.1.2.8
7f0910f58000-7f0910f59000 rw-p 00018000 08:02 5509201                    /lib/x86_64-linux-gnu/libz.so.1.2.8
7f0910f59000-7f0910f72000 r-xp 00000000 08:02 5505126                    /lib/x86_64-linux-gnu/libpthread-2.19.so
7f0910f72000-7f0911171000 ---p 00019000 08:02 5505126                    /lib/x86_64-linux-gnu/libpthread-2.19.so
7f0911171000-7f0911172000 r--p 00018000 08:02 5505126                    /lib/x86_64-linux-gnu/libpthread-2.19.so
7f0911172000-7f0911173000 rw-p 00019000 08:02 5505126                    /lib/x86_64-linux-gnu/libpthread-2.19.so
7f0911173000-7f0911177000 rw-p 00000000 00:00 0 
7f0911177000-7f091117a000 r-xp 00000000 08:02 5505114                    /lib/x86_64-linux-gnu/libdl-2.19.so
7f091117a000-7f0911379000 ---p 00003000 08:02 5505114                    /lib/x86_64-linux-gnu/libdl-2.19.so
7f0911379000-7f091137a000 r--p 00002000 08:02 5505114                    /lib/x86_64-linux-gnu/libdl-2.19.so
7f091137a000-7f091137b000 rw-p 00003000 08:02 5505114                    /lib/x86_64-linux-gnu/libdl-2.19.so
7f091137b000-7f0911536000 r-xp 00000000 08:02 5505125                    /lib/x86_64-linux-gnu/libc-2.19.so
7f0911536000-7f0911735000 ---p 001bb000 08:02 5505125                    /lib/x86_64-linux-gnu/libc-2.19.so
7f0911735000-7f0911739000 r--p 001ba000 08:02 5505125                    /lib/x86_64-linux-gnu/libc-2.19.so
7f0911739000-7f091173b000 rw-p 001be000 08:02 5505125                    /lib/x86_64-linux-gnu/libc-2.19.so
7f091173b000-7f0911740000 rw-p 00000000 00:00 0 
7f0911740000-7f091174d000 r-xp 00000000 08:02 19010770                   /usr/lib/jvm/java-7-openjdk-amd64/jre/lib/amd64/jli/libjli.so
7f091174d000-7f091194c000 ---p 0000d000 08:02 19010770                   /usr/lib/jvm/java-7-openjdk-amd64/jre/lib/amd64/jli/libjli.so
7f091194c000-7f091194d000 r--p 0000c000 08:02 19010770                   /usr/lib/jvm/java-7-openjdk-amd64/jre/lib/amd64/jli/libjli.so
7f091194d000-7f091194e000 rw-p 0000d000 08:02 19010770                   /usr/lib/jvm/java-7-openjdk-amd64/jre/lib/amd64/jli/libjli.so
7f091194e000-7f0911971000 r-xp 00000000 08:02 5505122                    /lib/x86_64-linux-gnu/ld-2.19.so
7f0911971000-7f0911972000 rw-p 00000000 00:00 0 
7f0911972000-7f0911974000 r--s 00006000 08:02 19010636                   /usr/share/java/java-atk-wrapper.jar
7f0911974000-7f0911978000 r--s 00034000 08:02 19010732                   /usr/lib/jvm/java-7-openjdk-amd64/jre/lib/ext/sunjce_provider.jar
7f0911978000-7f091199a000 rw-p 00000000 00:00 0 
7f091199a000-7f0911a50000 rw-p 00000000 00:00 0 
7f0911a50000-7f0911a53000 ---p 00000000 00:00 0 
7f0911a53000-7f0911b56000 rw-p 00000000 00:00 0                          [stack:4003]
7f0911b56000-7f0911b58000 r--s 00012000 08:02 19010729                   /usr/lib/jvm/java-7-openjdk-amd64/jre/lib/ext/zipfs.jar
7f0911b58000-7f0911b5c000 r--s 00085000 08:02 19010730                   /usr/lib/jvm/java-7-openjdk-amd64/jre/lib/ext/localedata.jar
7f0911b5c000-7f0911b5d000 r--s 00002000 08:02 19010734                   /usr/lib/jvm/java-7-openjdk-amd64/jre/lib/ext/dnsns.jar
7f0911b5d000-7f0911b60000 r--s 0000f000 08:02 19010731                   /usr/lib/jvm/java-7-openjdk-amd64/jre/lib/ext/icedtea-sound.jar
7f0911b60000-7f0911b64000 r--s 0003c000 08:02 19010733                   /usr/lib/jvm/java-7-openjdk-amd64/jre/lib/ext/sunpkcs11.jar
7f0911b64000-7f0911b6c000 rw-s 00000000 08:02 26608064                   /tmp/hsperfdata_bharat/3982
7f0911b6c000-7f0911b6d000 rw-p 00000000 00:00 0 
7f0911b6d000-7f0911b6e000 ---p 00000000 00:00 0 
7f0911b6e000-7f0911b70000 rw-p 00000000 00:00 0 
7f0911b70000-7f0911b71000 r--p 00022000 08:02 5505122                    /lib/x86_64-linux-gnu/ld-2.19.so
7f0911b71000-7f0911b72000 rw-p 00023000 08:02 5505122                    /lib/x86_64-linux-gnu/ld-2.19.so
7f0911b72000-7f0911b73000 rw-p 00000000 00:00 0 
7ffe527f1000-7ffe52812000 rw-p 00000000 00:00 0                          [stack]
7ffe5286c000-7ffe5286e000 r-xp 00000000 00:00 0                          [vdso]
7ffe5286e000-7ffe52870000 r--p 00000000 00:00 0                          [vvar]
ffffffffff600000-ffffffffff601000 r-xp 00000000 00:00 0                  [vsyscall]

VM Arguments:
jvm_args: -Xmx1024M -Dfile.encoding=UTF-8 -Duser.country=IN -Duser.language=en -Duser.variant 
java_command: com.android.dx.command.Main --dex --num-threads=4 --output /home/bharat/AndroidStudioProjects/BePh/app/build/intermediates/pre-dexed/debug/classes-f0c888da6bd6b1503d7f726739795d693fdc71b5.jar /home/bharat/AndroidStudioProjects/BePh/app/build/intermediates/exploded-aar/com.android.support/support-v4/23.1.1/jars/classes.jar
Launcher Type: SUN_STANDARD

Environment Variables:
PATH=/usr/local/sbin:/usr/local/bin:/usr/sbin:/usr/bin:/sbin:/bin:/usr/games:/usr/local/games:/home/bharat/android-sdk-linux/tools:/home/bharat/android-sdk-linux/platform-tools
LD_LIBRARY_PATH=/home/bharat/Documents/Android-Linux/android-studio/bin:
SHELL=/bin/bash
DISPLAY=:0

Signal Handlers:
SIGSEGV: [libjvm.so+0x9548f0], sa_mask[0]=0x7ffbfeff, sa_flags=0x10000004
SIGBUS: [libjvm.so+0x9548f0], sa_mask[0]=0x7ffbfeff, sa_flags=0x10000004
SIGFPE: [libjvm.so+0x7cb0b0], sa_mask[0]=0x7ffbfeff, sa_flags=0x10000004
SIGPIPE: [libjvm.so+0x7cb0b0], sa_mask[0]=0x7ffbfeff, sa_flags=0x10000004
SIGXFSZ: [libjvm.so+0x7cb0b0], sa_mask[0]=0x7ffbfeff, sa_flags=0x10000004
SIGILL: [libjvm.so+0x7cb0b0], sa_mask[0]=0x7ffbfeff, sa_flags=0x10000004
SIGUSR1: SIG_DFL, sa_mask[0]=0x00000000, sa_flags=0x00000000
SIGUSR2: [libjvm.so+0x7caf50], sa_mask[0]=0x00000004, sa_flags=0x10000004
SIGHUP: [libjvm.so+0x7cb130], sa_mask[0]=0x7ffbfeff, sa_flags=0x10000004
SIGINT: [libjvm.so+0x7cb130], sa_mask[0]=0x7ffbfeff, sa_flags=0x10000004
SIGTERM: [libjvm.so+0x7cb130], sa_mask[0]=0x7ffbfeff, sa_flags=0x10000004
SIGQUIT: [libjvm.so+0x7cb130], sa_mask[0]=0x7ffbfeff, sa_flags=0x10000004
SIGTRAP: SIG_DFL, sa_mask[0]=0x00000000, sa_flags=0x00000000


---------------  S Y S T E M  ---------------

OS:Ubuntu 14.04 (trusty)
uname:Linux 3.16.0-57-generic #77~14.04.1-Ubuntu SMP Thu Dec 17 23:20:00 UTC 2015 x86_64
libc:glibc 2.19 NPTL 2.19 
rlimit: STACK 8192k, CORE 0k, NPROC 14544, NOFILE 4096, AS infinity
load average:9.44 5.62 3.87

/proc/meminfo:
MemTotal:        3814432 kB
MemFree:          118404 kB
MemAvailable:      74796 kB
Buffers:            1372 kB
Cached:           256984 kB
SwapCached:            0 kB
Active:          3314880 kB
Inactive:         229860 kB
Active(anon):    3308752 kB
Inactive(anon):   185148 kB
Active(file):       6128 kB
Inactive(file):    44712 kB
Unevictable:          32 kB
Mlocked:              32 kB
SwapTotal:             0 kB
SwapFree:              0 kB
Dirty:               144 kB
Writeback:             0 kB
AnonPages:       3286748 kB
Mapped:            91676 kB
Shmem:            207400 kB
Slab:              61076 kB
SReclaimable:      30888 kB
SUnreclaim:        30188 kB
KernelStack:        9616 kB
PageTables:        31996 kB
NFS_Unstable:          0 kB
Bounce:                0 kB
WritebackTmp:          0 kB
CommitLimit:     1907216 kB
Committed_AS:    6988340 kB
VmallocTotal:   34359738367 kB
VmallocUsed:      545616 kB
VmallocChunk:   34359182828 kB
HardwareCorrupted:     0 kB
AnonHugePages:   1861632 kB
HugePages_Total:       0
HugePages_Free:        0
HugePages_Rsvd:        0
HugePages_Surp:        0
Hugepagesize:       2048 kB
DirectMap4k:       62080 kB
DirectMap2M:     1800192 kB
DirectMap1G:     2097152 kB


CPU:total 4 (2 cores per cpu, 2 threads per core) family 6 model 69 stepping 1, cmov, cx8, fxsr, mmx, sse, sse2, sse3, ssse3, sse4.1, sse4.2, popcnt, avx, avx2, aes, erms, ht, tsc, tscinvbit

/proc/cpuinfo:
processor	: 0
vendor_id	: GenuineIntel
cpu family	: 6
model		: 69
model name	: Intel(R) Core(TM) i5-4200U CPU @ 1.60GHz
stepping	: 1
microcode	: 0x16
cpu MHz		: 2300.000
cache size	: 3072 KB
physical id	: 0
siblings	: 4
core id		: 0
cpu cores	: 2
apicid		: 0
initial apicid	: 0
fpu		: yes
fpu_exception	: yes
cpuid level	: 13
wp		: yes
flags		: fpu vme de pse tsc msr pae mce cx8 apic sep mtrr pge mca cmov pat pse36 clflush dts acpi mmx fxsr sse sse2 ss ht tm pbe syscall nx pdpe1gb rdtscp lm constant_tsc arch_perfmon pebs bts rep_good nopl xtopology nonstop_tsc aperfmperf eagerfpu pni pclmulqdq dtes64 monitor ds_cpl vmx est tm2 ssse3 fma cx16 xtpr pdcm pcid sse4_1 sse4_2 movbe popcnt tsc_deadline_timer aes xsave avx f16c rdrand lahf_lm abm ida arat epb xsaveopt pln pts dtherm tpr_shadow vnmi flexpriority ept vpid fsgsbase tsc_adjust bmi1 avx2 smep bmi2 erms invpcid
bogomips	: 4589.67
clflush size	: 64
cache_alignment	: 64
address sizes	: 39 bits physical, 48 bits virtual
power management:

processor	: 1
vendor_id	: GenuineIntel
cpu family	: 6
model		: 69
model name	: Intel(R) Core(TM) i5-4200U CPU @ 1.60GHz
stepping	: 1
microcode	: 0x16
cpu MHz		: 2300.000
cache size	: 3072 KB
physical id	: 0
siblings	: 4
core id		: 0
cpu cores	: 2
apicid		: 1
initial apicid	: 1
fpu		: yes
fpu_exception	: yes
cpuid level	: 13
wp		: yes
flags		: fpu vme de pse tsc msr pae mce cx8 apic sep mtrr pge mca cmov pat pse36 clflush dts acpi mmx fxsr sse sse2 ss ht tm pbe syscall nx pdpe1gb rdtscp lm constant_tsc arch_perfmon pebs bts rep_good nopl xtopology nonstop_tsc aperfmperf eagerfpu pni pclmulqdq dtes64 monitor ds_cpl vmx est tm2 ssse3 fma cx16 xtpr pdcm pcid sse4_1 sse4_2 movbe popcnt tsc_deadline_timer aes xsave avx f16c rdrand lahf_lm abm ida arat epb xsaveopt pln pts dtherm tpr_shadow vnmi flexpriority ept vpid fsgsbase tsc_adjust bmi1 avx2 smep bmi2 erms invpcid
bogomips	: 4589.67
clflush size	: 64
cache_alignment	: 64
address sizes	: 39 bits physical, 48 bits virtual
power management:

processor	: 2
vendor_id	: GenuineIntel
cpu family	: 6
model		: 69
model name	: Intel(R) Core(TM) i5-4200U CPU @ 1.60GHz
stepping	: 1
microcode	: 0x16
cpu MHz		: 2300.000
cache size	: 3072 KB
physical id	: 0
siblings	: 4
core id		: 1
cpu cores	: 2
apicid		: 2
initial apicid	: 2
fpu		: yes
fpu_exception	: yes
cpuid level	: 13
wp		: yes
flags		: fpu vme de pse tsc msr pae mce cx8 apic sep mtrr pge mca cmov pat pse36 clflush dts acpi mmx fxsr sse sse2 ss ht tm pbe syscall nx pdpe1gb rdtscp lm constant_tsc arch_perfmon pebs bts rep_good nopl xtopology nonstop_tsc aperfmperf eagerfpu pni pclmulqdq dtes64 monitor ds_cpl vmx est tm2 ssse3 fma cx16 xtpr pdcm pcid sse4_1 sse4_2 movbe popcnt tsc_deadline_timer aes xsave avx f16c rdrand lahf_lm abm ida arat epb xsaveopt pln pts dtherm tpr_shadow vnmi flexpriority ept vpid fsgsbase tsc_adjust bmi1 avx2 smep bmi2 erms invpcid
bogomips	: 4589.67
clflush size	: 64
cache_alignment	: 64
address sizes	: 39 bits physical, 48 bits virtual
power management:

processor	: 3
vendor_id	: GenuineIntel
cpu family	: 6
model		: 69
model name	: Intel(R) Core(TM) i5-4200U CPU @ 1.60GHz
stepping	: 1
microcode	: 0x16
cpu MHz		: 2300.000
cache size	: 3072 KB
physical id	: 0
siblings	: 4
core id		: 1
cpu cores	: 2
apicid		: 3
initial apicid	: 3
fpu		: yes
fpu_exception	: yes
cpuid level	: 13
wp		: yes
flags		: fpu vme de pse tsc msr pae mce cx8 apic sep mtrr pge mca cmov pat pse36 clflush dts acpi mmx fxsr sse sse2 ss ht tm pbe syscall nx pdpe1gb rdtscp lm constant_tsc arch_perfmon pebs bts rep_good nopl xtopology nonstop_tsc aperfmperf eagerfpu pni pclmulqdq dtes64 monitor ds_cpl vmx est tm2 ssse3 fma cx16 xtpr pdcm pcid sse4_1 sse4_2 movbe popcnt tsc_deadline_timer aes xsave avx f16c rdrand lahf_lm abm ida arat epb xsaveopt pln pts dtherm tpr_shadow vnmi flexpriority ept vpid fsgsbase tsc_adjust bmi1 avx2 smep bmi2 erms invpcid
bogomips	: 4589.67
clflush size	: 64
cache_alignment	: 64
address sizes	: 39 bits physical, 48 bits virtual
power management:



Memory: 4k page, physical 3814432k(118404k free), swap 0k(0k free)

vm_info: OpenJDK 64-Bit Server VM (24.91-b01) for linux-amd64 JRE (1.7.0_91-b02), built on Nov 19 2015 06:14:37 by "buildd" with gcc 4.8.2

time: Sat Jan  9 11:22:29 2016
elapsed time: 32 seconds

